2024-11-23 20:50:11 - Iniciando respaldo de MySQL...
2024-11-23 20:50:16 - Backup comprimido creado: /backup/mysql_data-2024-11-23_20-50-11.tar.gz
2024-11-23 20:50:16 - Subiendo el backup a Google Drive...
/backup/backup.sh: line 19: rclone: not found
2024-11-23 20:50:16 - Error al subir el backup a Google Drive
2024-11-23 20:59:37 - Iniciando respaldo de MySQL...
2024-11-23 20:59:41 - Backup comprimido creado: /backup/mysql_data-2024-11-23_20-59-37.tar.gz
2024-11-23 20:59:41 - Subiendo el backup a Google Drive...
2024/11/23 20:59:41 NOTICE: Config file "/root/.config/rclone/rclone.conf" not found - using defaults
2024/11/23 20:59:42 Failed to create file system for "gdrive:/docker-backups/": didn't find section in config file
2024-11-23 20:59:42 - Error al subir el backup a Google Drive
2024-11-23 21:04:42 - Iniciando respaldo de MySQL...
2024-11-23 21:04:46 - Backup comprimido creado: /backup/mysql_data-2024-11-23_21-04-42.tar.gz
2024-11-23 21:04:46 - Subiendo el backup a Google Drive...
2024/11/23 21:04:46 NOTICE: Config file "/root/.config/rclone/rclone.conf" not found - using defaults
2024/11/23 21:04:46 Failed to create file system for "gdrive:/docker-backups/": didn't find section in config file
2024-11-23 21:04:46 - Error al subir el backup a Google Drive
2024-11-23 21:07:39 - Iniciando respaldo de MySQL...
2024-11-23 21:07:43 - Backup comprimido creado: /backup/mysql_data-2024-11-23_21-07-39.tar.gz
2024-11-23 21:07:43 - Subiendo el backup a Google Drive...
2024-11-23 21:07:47 - Backup subido correctamente a Google Drive
2024-11-23 21:07:47 - Eliminando backups locales mayores a 7 días...
2024-11-23 21:07:47 - Backups locales eliminados
2024-11-23 21:07:47 - Backup completado: /backup/mysql_data-2024-11-23_21-07-39.tar.gz y subido a Google Drive.
2024-11-23 21:12:47 - Iniciando respaldo de MySQL...
2024-11-23 21:12:51 - Backup comprimido creado: /backup/mysql_data-2024-11-23_21-12-47.tar.gz
2024-11-23 21:12:51 - Subiendo el backup a Google Drive...
2024-11-23 21:12:55 - Backup subido correctamente a Google Drive
2024-11-23 21:12:55 - Eliminando backups locales mayores a 7 días...
2024-11-23 21:12:55 - Backups locales eliminados
2024-11-23 21:12:55 - Backup completado: /backup/mysql_data-2024-11-23_21-12-47.tar.gz y subido a Google Drive.
2024-11-23 22:00:48 - Iniciando respaldo de MySQL...
2024-11-23 22:00:53 - Backup comprimido creado: /backup/mysql_data-2024-11-23_22-00-48.tar.gz
2024-11-23 22:00:53 - Subiendo el backup a Google Drive...
2024-11-23 22:00:57 - Backup subido correctamente a Google Drive
2024-11-23 22:00:57 - Eliminando backups locales mayores a 7 días...
2024-11-23 22:00:57 - Backups locales eliminados
2024-11-23 22:00:57 - Backup completado: /backup/mysql_data-2024-11-23_22-00-48.tar.gz y subido a Google Drive.
